<?xml version="1.0" encoding="UTF-8"?>
<!-- Generated by org.testng.reporters.JUnitXMLReporter -->
<testsuite ignored="0" hostname="DEEPAK-LAPTOP" failures="0" tests="3" name="Default test" time="14.185" errors="0" timestamp="2026-02-25T17:10:35 IST">
  <testcase classname="project.firstProject" name="tearup" time="8.021"/>
  <testcase classname="project.firstProject" name="signUp" time="5.651"/>
  <testcase classname="project.firstProject" name="teardown" time="0.44"/>
</testsuite> <!-- Default test -->
