<?xml version="1.0" encoding="UTF-8"?>
<testng-results ignored="0" total="3" passed="3" failed="0" skipped="0">
  <reporter-output>
  </reporter-output>
  <suite started-at="2026-03-02T18:57:06 IST" name="Suite" finished-at="2026-03-02T18:57:27 IST" duration-ms="20831">
    <groups>
    </groups>
    <test started-at="2026-03-02T18:57:06 IST" name="safariTest" finished-at="2026-03-02T18:57:21 IST" duration-ms="15789">
      <class name="playwright.CrossBrowserTesting">
        <test-method is-config="true" signature="setUp(java.lang.String)[pri:0, instance:playwright.CrossBrowserTesting@1ce24091]" started-at="2026-03-02T18:57:06 IST" name="setUp" finished-at="2026-03-02T18:57:16 IST" duration-ms="10185" status="PASS">
          <params>
            <param index="0">
              <value>
                <![CDATA[safari]]>
              </value>
            </param>
          </params>
          <reporter-output>
          </reporter-output>
        </test-method> <!-- setUp -->
        <test-method signature="login()[pri:0, instance:playwright.CrossBrowserTesting@1ce24091]" started-at="2026-03-02T18:57:16 IST" name="login" finished-at="2026-03-02T18:57:21 IST" duration-ms="5134" status="PASS">
          <reporter-output>
          </reporter-output>
        </test-method> <!-- login -->
        <test-method is-config="true" signature="tearDown()[pri:0, instance:playwright.CrossBrowserTesting@1ce24091]" started-at="2026-03-02T18:57:21 IST" name="tearDown" finished-at="2026-03-02T18:57:21 IST" duration-ms="298" status="PASS">
          <reporter-output>
          </reporter-output>
        </test-method> <!-- tearDown -->
      </class> <!-- playwright.CrossBrowserTesting -->
    </test> <!-- safariTest -->
    <test started-at="2026-03-02T18:57:06 IST" name="chromeTest" finished-at="2026-03-02T18:57:26 IST" duration-ms="20702">
      <class name="playwright.CrossBrowserTesting">
        <test-method is-config="true" signature="setUp(java.lang.String)[pri:0, instance:playwright.CrossBrowserTesting@34e9fd99]" started-at="2026-03-02T18:57:06 IST" name="setUp" finished-at="2026-03-02T18:57:16 IST" duration-ms="10714" status="PASS">
          <params>
            <param index="0">
              <value>
                <![CDATA[chrome]]>
              </value>
            </param>
          </params>
          <reporter-output>
          </reporter-output>
        </test-method> <!-- setUp -->
        <test-method signature="login()[pri:0, instance:playwright.CrossBrowserTesting@34e9fd99]" started-at="2026-03-02T18:57:16 IST" name="login" finished-at="2026-03-02T18:57:19 IST" duration-ms="2957" status="PASS">
          <reporter-output>
          </reporter-output>
        </test-method> <!-- login -->
        <test-method is-config="true" signature="tearDown()[pri:0, instance:playwright.CrossBrowserTesting@34e9fd99]" started-at="2026-03-02T18:57:20 IST" name="tearDown" finished-at="2026-03-02T18:57:26 IST" duration-ms="6816" status="PASS">
          <reporter-output>
          </reporter-output>
        </test-method> <!-- tearDown -->
      </class> <!-- playwright.CrossBrowserTesting -->
    </test> <!-- chromeTest -->
    <test started-at="2026-03-02T18:57:06 IST" name="firefoxTest" finished-at="2026-03-02T18:57:27 IST" duration-ms="20831">
      <class name="playwright.CrossBrowserTesting">
        <test-method is-config="true" signature="setUp(java.lang.String)[pri:0, instance:playwright.CrossBrowserTesting@55fe41ea]" started-at="2026-03-02T18:57:06 IST" name="setUp" finished-at="2026-03-02T18:57:22 IST" duration-ms="16263" status="PASS">
          <params>
            <param index="0">
              <value>
                <![CDATA[firefox]]>
              </value>
            </param>
          </params>
          <reporter-output>
          </reporter-output>
        </test-method> <!-- setUp -->
        <test-method signature="login()[pri:0, instance:playwright.CrossBrowserTesting@55fe41ea]" started-at="2026-03-02T18:57:22 IST" name="login" finished-at="2026-03-02T18:57:25 IST" duration-ms="2854" status="PASS">
          <reporter-output>
          </reporter-output>
        </test-method> <!-- login -->
        <test-method is-config="true" signature="tearDown()[pri:0, instance:playwright.CrossBrowserTesting@55fe41ea]" started-at="2026-03-02T18:57:25 IST" name="tearDown" finished-at="2026-03-02T18:57:27 IST" duration-ms="1649" status="PASS">
          <reporter-output>
          </reporter-output>
        </test-method> <!-- tearDown -->
      </class> <!-- playwright.CrossBrowserTesting -->
    </test> <!-- firefoxTest -->
  </suite> <!-- Suite -->
</testng-results>
