<?xml version="1.0" encoding="UTF-8"?>
<testng-results ignored="0" total="3" passed="3" failed="0" skipped="0">
  <reporter-output>
  </reporter-output>
  <suite started-at="2026-02-25T17:10:21 IST" name="Default suite" finished-at="2026-02-25T17:10:35 IST" duration-ms="14185">
    <groups>
    </groups>
    <test started-at="2026-02-25T17:10:21 IST" name="Default test" finished-at="2026-02-25T17:10:35 IST" duration-ms="14185">
      <class name="project.firstProject">
        <test-method signature="tearup()[pri:0, instance:project.firstProject@3023df74]" started-at="2026-02-25T17:10:21 IST" name="tearup" finished-at="2026-02-25T17:10:29 IST" duration-ms="8021" status="PASS">
          <reporter-output>
          </reporter-output>
        </test-method> <!-- tearup -->
        <test-method signature="signUp()[pri:1, instance:project.firstProject@3023df74]" started-at="2026-02-25T17:10:29 IST" name="signUp" finished-at="2026-02-25T17:10:34 IST" duration-ms="5651" status="PASS">
          <reporter-output>
          </reporter-output>
        </test-method> <!-- signUp -->
        <test-method signature="teardown()[pri:10, instance:project.firstProject@3023df74]" started-at="2026-02-25T17:10:34 IST" name="teardown" finished-at="2026-02-25T17:10:35 IST" duration-ms="440" status="PASS">
          <reporter-output>
          </reporter-output>
        </test-method> <!-- teardown -->
      </class> <!-- project.firstProject -->
    </test> <!-- Default test -->
  </suite> <!-- Default suite -->
</testng-results>
