<?xml version="1.0" encoding="UTF-8"?>
<!-- Generated by org.testng.reporters.JUnitReportReporter -->
<testsuite hostname="DEEPAK-LAPTOP" failures="0" tests="3" name="playwright.CrossBrowserTesting" time="10.945" errors="0" timestamp="2026-03-02T18:57:27 IST" skipped="0">
  <testcase classname="playwright.CrossBrowserTesting" name="login" time="2.854"/>
  <testcase classname="playwright.CrossBrowserTesting" name="login" time="5.134"/>
  <testcase classname="playwright.CrossBrowserTesting" name="login" time="2.957"/>
</testsuite> <!-- playwright.CrossBrowserTesting -->
