<?xml version="1.0" encoding="UTF-8"?>
<!-- Generated by org.testng.reporters.JUnitReportReporter -->
<testsuite hostname="DEEPAK-LAPTOP" failures="0" tests="3" name="playwright.Third" time="13.958" errors="0" timestamp="2026-02-25T12:39:40 IST" skipped="0">
  <testcase classname="playwright.Third" name="register" time="5.295"/>
  <testcase classname="playwright.Third" name="basePage" time="8.184"/>
  <testcase classname="playwright.Third" name="tearDown" time="0.479"/>
</testsuite> <!-- playwright.Third -->
